<?xml version="1.0" encoding="UTF-8"?>
<robot generator="Robot 3.1 (Python 3.7.2 on win32)" generated="20190404 16:35:56.581" rpa="false">
<suite id="s1" name="Open Weather Assignment" source="D:\M&amp;O Hawaii\Automation\Python Automation path\Open_Weather Assignment">
<suite id="s1-s1" name="Openweather" source="D:\M&amp;O Hawaii\Automation\Python Automation path\Open_Weather Assignment\Openweather">
<suite id="s1-s1-s1" name="Weather testcase" source="D:\M&amp;O Hawaii\Automation\Python Automation path\Open_Weather Assignment\Openweather\Weather_testcase.robot">
<test id="s1-s1-s1-t1" name="Testcase 4: Acceptance Criteria 3_2 search valid using hardcoded value">
<kw name="Open Browser" library="SeleniumLibrary">
<doc>Opens a new browser instance to the given ``url``.</doc>
<arguments>
<arg>${URL_OPENWEATHER}</arg>
<arg>${Browser}</arg>
</arguments>
<msg timestamp="20190404 16:35:57.313" level="INFO">Opening browser 'chrome' to base url 'https://openweathermap.org/'.</msg>
<status status="PASS" starttime="20190404 16:35:57.312" endtime="20190404 16:37:45.077"></status>
</kw>
<kw name="Maximize Browser Window" library="SeleniumLibrary">
<doc>Maximizes current browser window.</doc>
<status status="PASS" starttime="20190404 16:37:45.079" endtime="20190404 16:37:45.219"></status>
</kw>
<kw name="Sleep" library="BuiltIn">
<doc>Pauses the test executed for the given time.</doc>
<arguments>
<arg>2</arg>
</arguments>
<msg timestamp="20190404 16:37:47.222" level="INFO">Slept 2 seconds</msg>
<status status="PASS" starttime="20190404 16:37:45.220" endtime="20190404 16:37:47.224"></status>
</kw>
<kw name="Search field on tool bar" library="Weather_Keywords">
<kw name="Click Element" library="SeleniumLibrary">
<doc>Click element identified by ``locator``.</doc>
<arguments>
<arg>${Weather_searchtop}</arg>
</arguments>
<msg timestamp="20190404 16:37:47.232" level="INFO">Clicking element 'id=nav-search'.</msg>
<status status="PASS" starttime="20190404 16:37:47.230" endtime="20190404 16:37:47.558"></status>
</kw>
<status status="PASS" starttime="20190404 16:37:47.225" endtime="20190404 16:37:47.558"></status>
</kw>
<kw name="Input Text" library="SeleniumLibrary">
<doc>Types the given ``text`` into text field identified by ``locator``.</doc>
<arguments>
<arg>${Weather_Searchfield}</arg>
<arg>Bangalore</arg>
</arguments>
<msg timestamp="20190404 16:37:47.560" level="INFO">Typing text 'Bangalore' into text field 'id=q'.</msg>
<status status="PASS" starttime="20190404 16:37:47.559" endtime="20190404 16:37:47.729"></status>
</kw>
<kw name="Sleep" library="BuiltIn">
<doc>Pauses the test executed for the given time.</doc>
<arguments>
<arg>2</arg>
</arguments>
<msg timestamp="20190404 16:37:49.731" level="INFO">Slept 2 seconds</msg>
<status status="PASS" starttime="20190404 16:37:47.730" endtime="20190404 16:37:49.731"></status>
</kw>
<kw name="Click search icon button on tool bar" library="Weather_Keywords">
<kw name="Click Element" library="SeleniumLibrary">
<doc>Click element identified by ``locator``.</doc>
<arguments>
<arg>${Weather_Searchicon}</arg>
</arguments>
<msg timestamp="20190404 16:37:49.733" level="INFO">Clicking element 'xpath=//*[@id="nav-search-form"]/div/span/button'.</msg>
<status status="PASS" starttime="20190404 16:37:49.733" endtime="20190404 16:39:53.728"></status>
</kw>
<status status="PASS" starttime="20190404 16:37:49.732" endtime="20190404 16:39:53.730"></status>
</kw>
<kw name="Sleep" library="BuiltIn">
<doc>Pauses the test executed for the given time.</doc>
<arguments>
<arg>1</arg>
</arguments>
<msg timestamp="20190404 16:39:54.736" level="INFO">Slept 1 second</msg>
<status status="PASS" starttime="20190404 16:39:53.732" endtime="20190404 16:39:54.737"></status>
</kw>
<kw name="Page Should Not Contain Element" library="SeleniumLibrary">
<doc>Verifies that element ``locator`` is found on the current page.</doc>
<arguments>
<arg>${Weather_Notfound}</arg>
</arguments>
<msg timestamp="20190404 16:39:54.775" level="INFO">Current page does not contain element 'xpath=//*[@id="forecast_list_ul"]/div'.</msg>
<status status="PASS" starttime="20190404 16:39:54.738" endtime="20190404 16:39:54.776"></status>
</kw>
<kw name="Sleep" library="BuiltIn">
<doc>Pauses the test executed for the given time.</doc>
<arguments>
<arg>1</arg>
</arguments>
<msg timestamp="20190404 16:39:55.779" level="INFO">Slept 1 second</msg>
<status status="PASS" starttime="20190404 16:39:54.777" endtime="20190404 16:39:55.779"></status>
</kw>
<kw name="Close Browser" library="SeleniumLibrary">
<doc>Closes the current browser.</doc>
<status status="PASS" starttime="20190404 16:39:55.780" endtime="20190404 16:39:58.086"></status>
</kw>
<status status="PASS" starttime="20190404 16:35:57.311" endtime="20190404 16:39:58.088" critical="yes"></status>
</test>
<status status="PASS" starttime="20190404 16:35:56.652" endtime="20190404 16:39:58.093"></status>
</suite>
<status status="PASS" starttime="20190404 16:35:56.649" endtime="20190404 16:39:58.104"></status>
</suite>
<status status="PASS" starttime="20190404 16:35:56.623" endtime="20190404 16:39:58.114"></status>
</suite>
<statistics>
<total>
<stat pass="1" fail="0">Critical Tests</stat>
<stat pass="1" fail="0">All Tests</stat>
</total>
<tag>
</tag>
<suite>
<stat pass="1" fail="0" id="s1" name="Open Weather Assignment">Open Weather Assignment</stat>
<stat pass="1" fail="0" id="s1-s1" name="Openweather">Open Weather Assignment.Openweather</stat>
<stat pass="1" fail="0" id="s1-s1-s1" name="Weather testcase">Open Weather Assignment.Openweather.Weather testcase</stat>
</suite>
</statistics>
<errors>
</errors>
</robot>
